<?xml version="1.0" encoding="UTF-8"?>
<testng-results ignored="0" total="1" passed="1" failed="0" skipped="0">
  <reporter-output>
  </reporter-output>
  <suite started-at="2022-08-05T17:16:03 IST" name="Default suite" finished-at="2022-08-05T17:16:23 IST" duration-ms="19756">
    <groups>
    </groups>
    <test started-at="2022-08-05T17:16:03 IST" name="Default test" finished-at="2022-08-05T17:16:23 IST" duration-ms="19756">
      <class name="uiautomation.testcase_initiator">
        <test-method is-config="true" signature="start_test()[pri:0, instance:uiautomation.testcase_initiator@3e78b6a5]" started-at="2022-08-05T17:16:03 IST" name="start_test" finished-at="2022-08-05T17:16:04 IST" duration-ms="221" status="PASS">
          <reporter-output>
          </reporter-output>
        </test-method> <!-- start_test -->
        <test-method signature="first_tc()[pri:0, instance:uiautomation.testcase_initiator@3e78b6a5]" started-at="2022-08-05T17:16:04 IST" name="first_tc" finished-at="2022-08-05T17:16:23 IST" duration-ms="19032" status="PASS">
          <reporter-output>
          </reporter-output>
        </test-method> <!-- first_tc -->
        <test-method is-config="true" signature="end_test()[pri:0, instance:uiautomation.testcase_initiator@3e78b6a5]" started-at="2022-08-05T17:16:23 IST" name="end_test" finished-at="2022-08-05T17:16:23 IST" duration-ms="472" status="PASS">
          <reporter-output>
          </reporter-output>
        </test-method> <!-- end_test -->
      </class> <!-- uiautomation.testcase_initiator -->
    </test> <!-- Default test -->
  </suite> <!-- Default suite -->
</testng-results>
