<?xml version="1.0" encoding="UTF-8"?>
<testng-results ignored="0" total="1" passed="1" failed="0" skipped="0">
  <reporter-output>
  </reporter-output>
  <suite started-at="2022-05-11T17:53:19 IST" name="Default suite" finished-at="2022-05-11T17:56:39 IST" duration-ms="199266">
    <groups>
    </groups>
    <test started-at="2022-05-11T17:53:19 IST" name="Default test" finished-at="2022-05-11T17:56:39 IST" duration-ms="199266">
      <class name="uiautomation.testcase_initiator">
        <test-method is-config="true" signature="start_test()[pri:0, instance:uiautomation.testcase_initiator@7fa98a66]" started-at="2022-05-11T17:53:19 IST" name="start_test" finished-at="2022-05-11T17:53:23 IST" duration-ms="3302" status="PASS">
          <reporter-output>
          </reporter-output>
        </test-method> <!-- start_test -->
        <test-method signature="first_tc()[pri:0, instance:uiautomation.testcase_initiator@7fa98a66]" started-at="2022-05-11T17:53:23 IST" name="first_tc" finished-at="2022-05-11T17:56:37 IST" duration-ms="194019" status="PASS">
          <reporter-output>
          </reporter-output>
        </test-method> <!-- first_tc -->
        <test-method is-config="true" signature="end_test()[pri:0, instance:uiautomation.testcase_initiator@7fa98a66]" started-at="2022-05-11T17:56:37 IST" name="end_test" finished-at="2022-05-11T17:56:39 IST" duration-ms="1858" status="PASS">
          <reporter-output>
          </reporter-output>
        </test-method> <!-- end_test -->
      </class> <!-- uiautomation.testcase_initiator -->
    </test> <!-- Default test -->
  </suite> <!-- Default suite -->
</testng-results>
